[2018-04-06 10:58:05] START
[2018-04-06 10:59:44] CREATE models.py: 0
[2018-04-06 11:03:33] EDIT links/models/models.py: 10
[2018-04-06 11:04:45] EDIT links/controllers/default.py: -1
[2018-04-06 11:07:57] EDIT links/views/default/index.html: -31
[2018-04-06 11:08:36] EDIT links/views/default/index.html: 0
[2018-04-06 11:09:12] EDIT links/views/default/index.html: 1
[2018-04-06 11:09:16] EDIT links/views/default/index.html: 0
[2018-04-06 11:09:35] EDIT links/views/default/index.html: 0
[2018-04-06 11:09:46] EDIT links/views/default/index.html: 0
[2018-04-06 11:09:58] CREATE group.py: 0
[2018-04-06 11:10:05] CREATE button.py: 0
[2018-04-06 11:10:57] EDIT links/controllers/button.py: 3
[2018-04-06 11:11:15] EDIT links/controllers/group.py: 3
[2018-04-06 11:11:34] CREATE group/manage.html: 0
[2018-04-06 11:11:47] EDIT links/views/group/manage.html: -1
[2018-04-06 11:11:54] CREATE button/manage.html: 0
[2018-04-06 11:12:01] EDIT links/views/button/manage.html: -1
[2018-04-06 11:13:34] EDIT links/models/models.py: 0
[2018-04-06 11:13:41] EDIT links/models/models.py: 0
[2018-04-06 11:13:56] EDIT links/models/models.py: 0
[2018-04-06 11:14:18] EDIT links/models/models.py: 1
[2018-04-06 11:14:22] EDIT links/models/models.py: 0
[2018-04-06 11:15:46] EDIT links/models/models.py: 0
[2018-04-06 11:19:43] EDIT links/models/models.py: 10
[2018-04-06 11:20:24] EDIT links/models/models.py: 1
[2018-04-06 11:20:30] EDIT links/models/models.py: 0
[2018-04-06 11:21:12] EDIT links/models/models.py: 0
[2018-04-06 11:22:04] EDIT links/models/models.py: 0
[2018-04-06 11:24:29] EDIT links/models/menu.py: 0
[2018-04-06 11:24:45] EDIT links/models/menu.py: 1
[2018-04-06 11:24:57] EDIT links/models/menu.py: -89
[2018-04-06 11:26:02] EDIT links/views/layout.html: -3
[2018-04-06 11:26:32] EDIT links/views/default/index.html: -2
[2018-04-06 12:15:33] EDIT links/controllers/default.py: 2
[2018-04-06 12:15:41] EDIT links/controllers/default.py: 0
[2018-04-06 12:15:54] EDIT links/controllers/default.py: 0
[2018-04-06 12:19:19] EDIT links/views/default/index.html: 16
[2018-04-06 12:23:07] EDIT links/views/default/index.html: -5
[2018-04-06 12:23:28] EDIT links/views/default/index.html: -6
[2018-04-06 12:25:36] EDIT links/views/default/index.html: -1
[2018-04-06 12:28:44] EDIT links/views/default/index.html: 0
[2018-04-06 12:29:28] EDIT links/views/default/index.html: 0
[2018-04-06 12:29:44] EDIT links/views/default/index.html: -1
[2018-04-06 12:34:27] EDIT links/views/default/index.html: 6
[2018-04-06 12:35:36] EDIT links/views/default/index.html: -1
[2018-04-06 12:38:19] EDIT links/views/default/index.html: 7
[2018-04-06 12:38:40] EDIT links/views/default/index.html: 0
[2018-04-06 12:38:44] EDIT links/views/default/index.html: 0
[2018-04-06 12:39:19] EDIT links/views/default/index.html: 1
[2018-04-06 12:39:30] EDIT links/views/default/index.html: 0
[2018-04-06 12:39:55] EDIT links/views/default/index.html: -3
[2018-04-06 12:41:41] EDIT links/views/default/index.html: 5
[2018-04-06 12:42:55] EDIT links/views/default/index.html: 6
[2018-04-06 12:44:20] EDIT links/views/layout.html: 1
[2018-04-06 12:44:57] EDIT links/views/layout.html: -1
[2018-04-06 12:45:18] EDIT links/views/layout.html: 2
[2018-04-06 12:48:36] EDIT links/views/default/index.html: -10
[2018-04-06 12:50:02] EDIT links/views/default/index.html: 0
[2018-04-06 12:50:16] EDIT links/views/default/index.html: 0
[2018-04-06 12:50:45] EDIT links/views/default/index.html: 0
[2018-04-06 12:51:09] EDIT links/views/default/index.html: 1
[2018-04-06 12:52:01] EDIT links/views/layout.html: 0
[2018-04-06 12:53:07] EDIT links/views/default/index.html: -5
[2018-04-06 12:53:32] EDIT links/views/layout.html: 0
[2018-04-06 12:54:11] EDIT links/views/layout.html: 0
[2018-04-06 12:56:36] EDIT links/views/layout.html: -4
[2018-04-06 12:56:56] EDIT links/views/layout.html: -1
[2018-04-06 12:57:19] EDIT links/views/layout.html: 0
[2018-04-06 12:58:19] EDIT links/views/layout.html: 0
[2018-04-06 12:58:30] EDIT links/views/layout.html: 0
[2018-04-06 13:05:43] EDIT links/models/models.py: 11
[2018-04-06 13:06:47] EDIT links/views/default/index.html: 0
[2018-04-06 13:07:24] EDIT links/views/default/index.html: 0
[2018-04-06 13:07:25] EDIT links/views/default/index.html: 0
[2018-04-06 13:07:47] EDIT links/views/default/index.html: 0
[2018-04-06 13:07:59] EDIT links/views/default/index.html: 0
[2018-04-06 13:11:58] EDIT links/views/layout.html: 0
[2018-04-06 14:57:07] EDIT links/views/layout.html: 0
[2018-04-06 14:57:38] EDIT links/views/layout.html: 1
[2018-04-06 14:57:58] EDIT links/views/layout.html: 0
[2018-04-06 14:58:07] EDIT links/views/layout.html: 0
[2018-04-27 15:53:25] EDIT splinterlink/views/layout.html: 0
